  main.cpp
C:\Users\kyubi\source\repos\voxel\voxel\mesher.h(33,24): warning C4838: konwersja z „int” do „float” wymaga konwersji zawężającej
  (kompilowanie pliku źródłowego „main.cpp”)
  
C:\Users\kyubi\source\repos\voxel\voxel\mesher.h(33,24): warning C4244: "inicjowanie": konwersja z "int" do "float", możliwa utrata danych
  (kompilowanie pliku źródłowego „main.cpp”)
  
C:\Users\kyubi\source\repos\voxel\voxel\mesher.h(33,26): warning C4838: konwersja z „int” do „float” wymaga konwersji zawężającej
  (kompilowanie pliku źródłowego „main.cpp”)
  
C:\Users\kyubi\source\repos\voxel\voxel\mesher.h(33,26): warning C4244: "inicjowanie": konwersja z "int" do "float", możliwa utrata danych
  (kompilowanie pliku źródłowego „main.cpp”)
  
C:\Users\kyubi\source\repos\voxel\voxel\mesher.h(33,28): warning C4838: konwersja z „int” do „float” wymaga konwersji zawężającej
  (kompilowanie pliku źródłowego „main.cpp”)
  
C:\Users\kyubi\source\repos\voxel\voxel\mesher.h(33,28): warning C4244: "inicjowanie": konwersja z "int" do "float", możliwa utrata danych
  (kompilowanie pliku źródłowego „main.cpp”)
  
C:\Users\kyubi\source\repos\voxel\voxel\mesher.h(39,49): warning C4244: "=": konwersja z "int" do "float", możliwa utrata danych
  (kompilowanie pliku źródłowego „main.cpp”)
  
C:\Users\kyubi\source\repos\voxel\voxel\mesher.h(41,49): warning C4244: "=": konwersja z "int" do "float", możliwa utrata danych
  (kompilowanie pliku źródłowego „main.cpp”)
  
C:\Users\kyubi\source\repos\voxel\voxel\mesher.h(43,49): warning C4244: "=": konwersja z "int" do "float", możliwa utrata danych
  (kompilowanie pliku źródłowego „main.cpp”)
  
C:\Users\kyubi\source\repos\voxel\voxel\mesher.h(129,43): warning C4305: "argument": obcięcie z "double" do "float"
  (kompilowanie pliku źródłowego „main.cpp”)
  
C:\Users\kyubi\source\repos\voxel\voxel\mesher.h(129,38): warning C4305: "argument": obcięcie z "double" do "float"
  (kompilowanie pliku źródłowego „main.cpp”)
  
C:\Users\kyubi\source\repos\voxel\voxel\main.cpp(66,29): warning C4244: "=": konwersja z "int" do "float", możliwa utrata danych
C:\Users\kyubi\source\repos\voxel\voxel\main.cpp(67,29): warning C4244: "=": konwersja z "int" do "float", możliwa utrata danych
C:\Users\kyubi\source\repos\voxel\voxel\main.cpp(68,29): warning C4244: "=": konwersja z "int" do "float", możliwa utrata danych
C:\Users\kyubi\source\repos\voxel\voxel\main.cpp(72,110): warning C4244: "argument": konwersja z "float" do "int", możliwa utrata danych
C:\Users\kyubi\source\repos\voxel\voxel\main.cpp(72,87): warning C4244: "argument": konwersja z "float" do "int", możliwa utrata danych
C:\Users\kyubi\source\repos\voxel\voxel\main.cpp(72,64): warning C4244: "argument": konwersja z "float" do "int", możliwa utrata danych
C:\Users\kyubi\source\repos\voxel\voxel\main.cpp(73,115): warning C4244: "argument": konwersja z "float" do "int", możliwa utrata danych
C:\Users\kyubi\source\repos\voxel\voxel\main.cpp(73,92): warning C4244: "argument": konwersja z "float" do "int", możliwa utrata danych
C:\Users\kyubi\source\repos\voxel\voxel\main.cpp(73,69): warning C4244: "argument": konwersja z "float" do "int", możliwa utrata danych
C:\Users\kyubi\source\repos\voxel\voxel\main.cpp(74,103): warning C4244: "argument": konwersja z "float" do "int", możliwa utrata danych
C:\Users\kyubi\source\repos\voxel\voxel\main.cpp(74,80): warning C4244: "argument": konwersja z "float" do "int", możliwa utrata danych
C:\Users\kyubi\source\repos\voxel\voxel\main.cpp(74,57): warning C4244: "argument": konwersja z "float" do "int", możliwa utrata danych
  voxel.vcxproj -> C:\Users\kyubi\source\repos\voxel\x64\Debug\voxel.exe
  'pwsh.exe' is not recognized as an internal or external command,
  operable program or batch file.
